2025-07-01 04:11:46,522 - INFO - Starting server: 0.0.0.0:8822 (max clients: 8)
2025-07-01 04:11:46,526 - INFO - Server socket initialized successfully
2025-07-01 04:11:46,527 - INFO - Thread pool initialized with 16 workers
2025-07-01 04:11:46,528 - INFO - Successfully bound to 0.0.0.0:8822
2025-07-01 04:11:46,530 - INFO - Server listening with max 8 clients
2025-07-01 04:11:46,532 - INFO - Server loop started
2025-07-01 04:11:47,536 - ERROR - Socket error during accept: timed out
2025-07-01 04:11:47,541 - ERROR - Unexpected error in server loop (attempt 1): cannot access local variable 'client_socket' where it is not associated with a value
2025-07-01 04:11:48,644 - ERROR - Socket error during accept: timed out
2025-07-01 04:11:48,646 - ERROR - Unexpected error in server loop (attempt 2): cannot access local variable 'client_socket' where it is not associated with a value
2025-07-01 04:11:49,749 - ERROR - Socket error during accept: timed out
2025-07-01 04:11:49,751 - ERROR - Unexpected error in server loop (attempt 3): cannot access local variable 'client_socket' where it is not associated with a value
2025-07-01 04:11:50,856 - ERROR - Socket error during accept: timed out
2025-07-01 04:11:50,857 - ERROR - Unexpected error in server loop (attempt 4): cannot access local variable 'client_socket' where it is not associated with a value
2025-07-01 04:11:51,961 - ERROR - Socket error during accept: timed out
2025-07-01 04:11:51,964 - ERROR - Unexpected error in server loop (attempt 5): cannot access local variable 'client_socket' where it is not associated with a value
2025-07-01 04:11:53,068 - ERROR - Socket error during accept: timed out
2025-07-01 04:11:53,071 - ERROR - Unexpected error in server loop (attempt 6): cannot access local variable 'client_socket' where it is not associated with a value
2025-07-01 04:11:54,174 - ERROR - Socket error during accept: timed out
2025-07-01 04:11:54,177 - ERROR - Unexpected error in server loop (attempt 7): cannot access local variable 'client_socket' where it is not associated with a value
2025-07-01 04:11:55,281 - ERROR - Socket error during accept: timed out
2025-07-01 04:11:55,283 - ERROR - Unexpected error in server loop (attempt 8): cannot access local variable 'client_socket' where it is not associated with a value
2025-07-01 04:11:56,387 - ERROR - Socket error during accept: timed out
2025-07-01 04:11:56,389 - ERROR - Unexpected error in server loop (attempt 9): cannot access local variable 'client_socket' where it is not associated with a value
2025-07-01 04:11:56,832 - INFO - Initiating graceful shutdown...
2025-07-01 04:11:56,834 - INFO - Server socket closed
2025-07-01 04:11:56,835 - INFO - Waiting for server loop to finish...
2025-07-01 04:11:57,494 - ERROR - Socket error during accept: [Errno 9] Bad file descriptor
2025-07-01 04:11:57,498 - INFO - Server loop ended
2025-07-01 04:11:57,502 - INFO - Shutting down thread pool...
2025-07-01 04:11:57,504 - ERROR - Error shutting down thread pool: ThreadPoolExecutor.shutdown() got an unexpected keyword argument 'timeout'
2025-07-01 04:11:57,506 - INFO - Shutdown completed successfully
