[2025-08-06T09:03:52.523Z] - INFO - [WORMHOLE] Wormhole server down
[2025-08-06T09:12:16.372Z] - ERROR - Failed to load ticket file [ERROR: [Errno 2] No such file or directory: 'outputs/wormhole/spaceship.ticke']
[2025-08-06T09:12:24.219Z] - ERROR - Failed to load ticket file [ERROR: [Errno 2] No such file or directory: 'outputs/wormhole/spaceship.ticke']
[2025-08-06T09:24:14.908Z] - INFO - Connecting 172.19.68.67:8822...
[2025-08-06T09:24:14.910Z] - CRITICAL - An error occurred while trying to connect [CRITICAL: [Errno 111] Connection refused]
[2025-08-06T09:24:14.911Z] - INFO - Client loop closed
[2025-08-06T09:24:14.911Z] - INFO - Disconnected
[2025-08-06T09:24:23.221Z] - CRITICAL - [WORMHOLE] Failed to connect [CRITICAL: [Errno 111] Connection refused]
[2025-08-06T09:24:28.192Z] - CRITICAL - [WORMHOLE] Failed to connect [CRITICAL: [Errno 111] Connection refused]
[2025-08-06T09:33:06.186Z] - INFO - Connecting 172.19.68.67:8822...
[2025-08-06T09:33:06.188Z] - INFO - Connected
[2025-08-06T09:33:06.353Z] - INFO - Performing quantum handshake...
[2025-08-06T09:33:06.357Z] - INFO - [Quantum Protocol] fingerprint OK: 1cb8fcb3fef9b1b71066dc3e26071c48b5f6f11305dc0a64fc6d7876ba41934d
[2025-08-06T09:33:06.357Z] - INFO - [Quantum Protocol] Established session: 781fc9bb-1d3b-4f52-b5fc-0d0aecd0c266
[2025-08-06T09:33:06.363Z] - INFO - [Quantum Protocol] Hybrid key exchange successful
[2025-08-06T09:33:06.474Z] - INFO - [Server] Connection secured successfully | Session ID: 781fc9bb-1d3b-4f52-b5fc-0d0aecd0c266
[2025-08-06T09:33:06.475Z] - INFO - [DEBUG] Session ID: 781fc9bb-1d3b-4f52-b5fc-0d0aecd0c266
[2025-08-06T09:33:06.475Z] - INFO - [DEBUG] Master key (shared secret): a5372bdb9d9a504b8d480d09512fb6ec0095e6a1fd19379afe73b817d3f1756a
[2025-08-06T09:33:07.439Z] - INFO - Creating a shell tunnel...
[2025-08-06T09:33:23.953Z] - INFO - Disconnected
[2025-08-06T09:33:23.953Z] - INFO - Session shell closed
[2025-08-06T09:33:23.953Z] - INFO - Client loop closed
[2025-08-06T09:55:05.935Z] - CRITICAL - [WORMHOLE] Failed to connect [CRITICAL: [Errno 111] Connection refused]
[2025-08-06T09:57:46.312Z] - CRITICAL - [WORMHOLE] Failed to connect [CRITICAL: [Errno 111] Connection refused]
[2025-08-06T09:58:02.863Z] - INFO - Connecting 172.19.68.67:8822...
[2025-08-06T09:58:02.865Z] - INFO - Connected
[2025-08-06T09:58:02.882Z] - INFO - Performing quantum handshake...
[2025-08-06T09:58:02.883Z] - INFO - [Quantum Protocol] fingerprint OK: 1cb8fcb3fef9b1b71066dc3e26071c48b5f6f11305dc0a64fc6d7876ba41934d
[2025-08-06T09:58:02.884Z] - INFO - [Quantum Protocol] Established session: 175c2922-e855-45d3-8e61-e1edf53ed1f5
[2025-08-06T09:58:02.887Z] - INFO - [Quantum Protocol] Hybrid key exchange successful
[2025-08-06T09:58:03.011Z] - INFO - [Server] Connection secured successfully | Session ID: 175c2922-e855-45d3-8e61-e1edf53ed1f5
[2025-08-06T09:58:03.011Z] - INFO - [DEBUG] Session ID: 175c2922-e855-45d3-8e61-e1edf53ed1f5
[2025-08-06T09:58:03.012Z] - INFO - [DEBUG] Master key (shared secret): ecbd675bb13436c91485af000dd10d5258e712c4db27f1eb805b520545e12835
[2025-08-06T09:58:03.935Z] - INFO - Creating a shell tunnel...
[2025-08-06T09:58:03.936Z] - INFO - God a shell !
[2025-08-06T09:58:07.794Z] - INFO - Disconnected
[2025-08-06T09:58:07.794Z] - INFO - Session shell closed
[2025-08-06T09:58:07.795Z] - INFO - Client loop closed
[2025-08-06T09:58:23.843Z] - CRITICAL - [WORMHOLE] Failed to connect [CRITICAL: [Errno 111] Connection refused]
[2025-08-06T10:00:44.134Z] - CRITICAL - [WORMHOLE] Failed to connect [CRITICAL: [Errno 111] Connection refused]
[2025-08-06T10:00:47.056Z] - INFO - Connecting 172.19.68.67:8822...
[2025-08-06T10:00:47.057Z] - CRITICAL - An error occurred while trying to connect [CRITICAL: [Errno 111] Connection refused]
[2025-08-06T10:00:47.057Z] - INFO - Client loop closed
[2025-08-06T10:00:47.058Z] - INFO - Disconnected
[2025-08-06T10:08:13.093Z] - CRITICAL - [WORMHOLE] Failed to connect [CRITICAL: [Errno 111] Connection refused]
[2025-08-06T10:18:25.024Z] - INFO - Connecting 172.19.68.67:8822...
[2025-08-06T10:18:25.025Z] - INFO - Connected
[2025-08-06T10:18:25.092Z] - INFO - Performing quantum handshake...
[2025-08-06T10:18:25.093Z] - INFO - [Quantum Protocol] fingerprint OK: 1cb8fcb3fef9b1b71066dc3e26071c48b5f6f11305dc0a64fc6d7876ba41934d
[2025-08-06T10:18:25.094Z] - INFO - [Quantum Protocol] Established session: 766d1c1e-1def-49ea-9f73-9ca88062d53c
[2025-08-06T10:18:25.110Z] - INFO - [Quantum Protocol] Hybrid key exchange successful
[2025-08-06T10:18:25.250Z] - INFO - [Server] Connection secured successfully | Session ID: 766d1c1e-1def-49ea-9f73-9ca88062d53c
[2025-08-06T10:18:25.251Z] - INFO - [DEBUG] Session ID: 766d1c1e-1def-49ea-9f73-9ca88062d53c
[2025-08-06T10:18:25.251Z] - INFO - [DEBUG] Master key (shared secret): f0e71c6889d1c406d855781fd02dd428d060067226ec2ba2f681e361e2eaee2a
[2025-08-06T10:18:26.196Z] - INFO - [AUTH] Auto Fill from security.ini...
[2025-08-06T10:18:26.242Z] - INFO - Authentication passed, Wait a moment...
[2025-08-06T10:18:26.260Z] - INFO - Creating a shell tunnel...
[2025-08-06T10:18:26.260Z] - INFO - God a shell !
[2025-08-06T10:18:29.813Z] - INFO - Disconnected
[2025-08-06T10:18:29.814Z] - INFO - Session shell closed
[2025-08-06T10:18:29.824Z] - INFO - Client loop closed
