[2025-07-31 13:03:23,911] - INFO - Running server 172.19.68.67:8822
[2025-07-31 13:03:23,912] - INFO - Waiting for connection... (max clients: 2)
[2025-07-31 13:03:27,886] - INFO - Shutting down...
[2025-07-31 13:03:27,887] - INFO - Server has closed
[2025-07-31 13:03:27,887] - INFO - Waiting for server loop closed...
[2025-07-31 13:03:30,888] - INFO - Threads pool have been shutting down...
[2025-07-31 13:03:30,888] - INFO - Waiting until the server loop will report that it is completely shutdown...
[2025-07-31 13:03:38,915] - CRITICAL - Server loop error [CRITICAL: [Errno 9] Bad file descriptor]
[2025-07-31 13:03:38,915] - INFO - Server loop ended
[2025-07-31 13:03:38,916] - INFO - ***Graceful Shutdown***
[2025-07-31 13:04:06,404] - INFO - Running server 172.19.68.67:8822
[2025-07-31 13:04:06,406] - INFO - Waiting for connection... (max clients: 2)
[2025-07-31 13:04:14,953] - INFO - Shutting down...
[2025-07-31 13:04:14,954] - INFO - Server has closed
[2025-07-31 13:04:14,954] - INFO - Waiting for server loop closed...
[2025-07-31 13:04:17,955] - INFO - Threads pool have been shutting down...
[2025-07-31 13:04:17,955] - INFO - Waiting until the server loop will report that it is completely shutdown...
[2025-07-31 13:04:21,423] - CRITICAL - Server loop error [CRITICAL: [Errno 9] Bad file descriptor]
[2025-07-31 13:04:21,424] - INFO - Server loop ended
[2025-07-31 13:04:21,425] - INFO - ***Graceful Shutdown***
